{
  "stats": {
    "suites": 1,
    "tests": 1,
    "passes": 1,
    "pending": 0,
    "failures": 0,
    "start": "2025-05-17T19:49:46.592Z",
    "end": "2025-05-17T19:49:56.053Z",
    "duration": 9461,
    "testsRegistered": 1,
    "passPercent": 100,
    "pendingPercent": 0,
    "other": 0,
    "hasOther": false,
    "skipped": 0,
    "hasSkipped": false
  },
  "results": [
    {
      "uuid": "ef82da29-461e-42ac-a368-d38312e7af7d",
      "title": "",
      "fullFile": "cypress/e2e/sample_test.cy.js",
      "file": "cypress/e2e/sample_test.cy.js",
      "beforeHooks": [],
      "afterHooks": [],
      "tests": [],
      "suites": [
        {
          "uuid": "1c94fb50-314d-4618-95c2-41c626f9d136",
          "title": "Homepage Test",
          "fullFile": "",
          "file": "",
          "beforeHooks": [],
          "afterHooks": [],
          "tests": [
            {
              "title": "visits the homepage and checks title",
              "fullTitle": "Homepage Test visits the homepage and checks title",
              "timedOut": null,
              "duration": 9142,
              "state": "passed",
              "speed": "medium",
              "pass": true,
              "fail": false,
              "pending": false,
              "context": null,
              "code": "cy.visit('/');\ncy.title().should('include', 'NIKKY TECH CONSULTING INC – Innovate. Transform');",
              "err": {},
              "uuid": "c857e25f-26f1-418f-bb1c-f3492fd81b41",
              "parentUUID": "1c94fb50-314d-4618-95c2-41c626f9d136",
              "isHook": false,
              "skipped": false
            }
          ],
          "suites": [],
          "passes": [
            "c857e25f-26f1-418f-bb1c-f3492fd81b41"
          ],
          "failures": [],
          "pending": [],
          "skipped": [],
          "duration": 9142,
          "root": false,
          "rootEmpty": false,
          "_timeout": 2000
        }
      ],
      "passes": [],
      "failures": [],
      "pending": [],
      "skipped": [],
      "duration": 0,
      "root": true,
      "rootEmpty": true,
      "_timeout": 2000
    }
  ],
  "meta": {
    "mocha": {
      "version": "7.2.0"
    },
    "mochawesome": {
      "options": {
        "quiet": false,
        "reportFilename": "mochawesome",
        "saveHtml": false,
        "saveJson": true,
        "consoleReporter": "spec",
        "useInlineDiffs": false,
        "code": true
      },
      "version": "7.1.3"
    },
    "marge": {
      "options": {
        "reportDir": "cypress/reports",
        "overwrite": false,
        "html": false,
        "json": true
      },
      "version": "6.2.0"
    }
  }
}